# ↓がない時
```
modules:
  jmeter:
    properties:
      server.rmi.ssl.disable: true
```

06:11:07 ERROR: Child Process Error: JMeter exited with non-zero code: 1
06:11:07 ERROR: JMeter STDOUT:
Created the tree successfully using /var/taurus/2022-08-02_06-10-26.512700/modified_requests.jmx
Configuring remote engine: loadtest-cluster-slave-1
Exception creating connection to: loadtest-cluster-slave-1; nested exception is: 
        java.io.FileNotFoundException: rmi_keystore.jks (No such file or directory)
Failed to configure loadtest-cluster-slave-1
Configuring remote engine: loadtest-cluster-slave-2
Exception creating connection to: loadtest-cluster-slave-2; nested exception is: 
        java.io.FileNotFoundException: rmi_keystore.jks (No such file or directory)
Failed to configure loadtest-cluster-slave-2
Configuring remote engine: loadtest-cluster-slave-3
Exception creating connection to: loadtest-cluster-slave-3; nested exception is: 
        java.io.FileNotFoundException: rmi_keystore.jks (No such file or directory)
Failed to configure loadtest-cluster-slave-3
Stopping remote engines
Remote engines have been stopped
Error in NonGUIDriver java.lang.RuntimeException: Following remote engines could not be configured:[loadtest-cluster-slave-1, loadtest-cluster-slave-2, loadtest-cluster-slave-3]
An error occurred: Error in NonGUIDriver Following remote engines could not be configured:[loadtest-cluster-slave-1, loadtest-cluster-slave-2, loadtest-cluster-slave-3]
06:11:07 ERROR: JMeter log:
2022-08-02 06:11:06,332 ERROR o.a.j.e.DistributedRunner: Failed to create engine at loadtest-cluster-slave-1
java.rmi.ConnectIOException: Exception creating connection to: loadtest-cluster-slave-1; nested exception is: 
        java.io.FileNotFoundException: rmi_keystore.jks (No such file or directory)
        at sun.rmi.transport.tcp.TCPEndpoint.newSocket(TCPEndpoint.java:635) ~[?:?]
        at sun.rmi.transport.tcp.TCPChannel.createConnection(TCPChannel.java:209) ~[?:?]
        at sun.rmi.transport.tcp.TCPChannel.newConnection(TCPChannel.java:196) ~[?:?]
        at sun.rmi.server.UnicastRef.newCall(UnicastRef.java:343) ~[?:?]
        at sun.rmi.registry.RegistryImpl_Stub.lookup(RegistryImpl_Stub.java:116) ~[?:?]
        at org.apache.jmeter.engine.ClientJMeterEngine.getEngine(ClientJMeterEngine.java:71) ~[ApacheJMeter_core.jar:5.4.3]
        at org.apache.jmeter.engine.ClientJMeterEngine.<init>(ClientJMeterEngine.java:84) ~[ApacheJMeter_core.jar:5.4.3]
        at org.apache.jmeter.engine.DistributedRunner.createEngine(DistributedRunner.java:243) ~[ApacheJMeter_core.jar:5.4.3]
        at org.apache.jmeter.engine.DistributedRunner.getClientEngine(DistributedRunner.java:220) [ApacheJMeter_core.jar:5.4.3]
        at org.apache.jmeter.engine.DistributedRunner.init(DistributedRunner.java:92) [ApacheJMeter_core.jar:5.4.3]
        at org.apache.jmeter.JMeter.runNonGui(JMeter.java:1107) [ApacheJMeter_core.jar:5.4.3]
        at org.apache.jmeter.JMeter.startNonGui(JMeter.java:1007) [ApacheJMeter_core.jar:5.4.3]
        at org.apache.jmeter.JMeter.start(JMeter.java:579) [ApacheJMeter_core.jar:5.4.3]
        at jdk.internal.reflect.NativeMethodAccessorImpl.invoke0(Native Method) ~[?:?]
        at jdk.internal.reflect.NativeMethodAccessorImpl.invoke(NativeMethodAccessorImpl.java:62) ~[?:?]
        at jdk.internal.reflect.DelegatingMethodAccessorImpl.invoke(DelegatingMethodAccessorImpl.java:43) ~[?:?]
        at java.lang.reflect.Method.invoke(Method.java:566) ~[?:?]
        at org.apache.jmeter.NewDriver.main(NewDriver.java:254) [ApacheJMeter.jar:5.4.3]
Caused by: java.io.FileNotFoundException: rmi_keystore.jks (No such file or directory)
        at java.io.FileInputStream.open0(Native Method) ~[?:?]
        at java.io.FileInputStream.open(FileInputStream.java:219) ~[?:?]
        at java.io.FileInputStream.<init>(FileInputStream.java:157) ~[?:?]
        at java.io.FileInputStream.<init>(FileInputStream.java:112) ~[?:?]
        at org.apache.jmeter.rmi.SSLRMIClientSocketFactory.loadStore(SSLRMIClientSocketFactory.java:124) ~[ApacheJMeter_core.jar:5.4.3]
        at org.apache.jmeter.rmi.SSLRMIClientSocketFactory.createSocket(SSLRMIClientSocketFactory.java:82) ~[ApacheJMeter_core.jar:5.4.3]
        at sun.rmi.transport.tcp.TCPEndpoint.newSocket(TCPEndpoint.java:617) ~[?:?]
        ... 17 more
2022-08-02 06:11:06,438 ERROR o.a.j.u.JMeterUtils: Exception creating connection to: loadtest-cluster-slave-1; nested exception is: 
        java.io.FileNotFoundException: rmi_keystore.jks (No such file or directory)
2022-08-02 06:11:06,438 INFO o.a.j.e.DistributedRunner: Failed to configure loadtest-cluster-slave-1
2022-08-02 06:11:06,439 INFO o.a.j.e.DistributedRunner: Configuring remote engine: loadtest-cluster-slave-2
2022-08-02 06:11:06,441 ERROR o.a.j.e.DistributedRunner: Failed to create engine at loadtest-cluster-slave-2
java.rmi.ConnectIOException: Exception creating connection to: loadtest-cluster-slave-2; nested exception is: 
        java.io.FileNotFoundException: rmi_keystore.jks (No such file or directory)
        at sun.rmi.transport.tcp.TCPEndpoint.newSocket(TCPEndpoint.java:635) ~[?:?]
        at sun.rmi.transport.tcp.TCPChannel.createConnection(TCPChannel.java:209) ~[?:?]
        at sun.rmi.transport.tcp.TCPChannel.newConnection(TCPChannel.java:196) ~[?:?]
        at sun.rmi.server.UnicastRef.newCall(UnicastRef.java:343) ~[?:?]
        at sun.rmi.registry.RegistryImpl_Stub.lookup(RegistryImpl_Stub.java:116) ~[?:?]
        at org.apache.jmeter.engine.ClientJMeterEngine.getEngine(ClientJMeterEngine.java:71) ~[ApacheJMeter_core.jar:5.4.3]
        at org.apache.jmeter.engine.ClientJMeterEngine.<init>(ClientJMeterEngine.java:84) ~[ApacheJMeter_core.jar:5.4.3]
        at org.apache.jmeter.engine.DistributedRunner.createEngine(DistributedRunner.java:243) ~[ApacheJMeter_core.jar:5.4.3]
        at org.apache.jmeter.engine.DistributedRunner.getClientEngine(DistributedRunner.java:220) [ApacheJMeter_core.jar:5.4.3]
        at org.apache.jmeter.engine.DistributedRunner.init(DistributedRunner.java:92) [ApacheJMeter_core.jar:5.4.3]
        at org.apache.jmeter.JMeter.runNonGui(JMeter.java:1107) [ApacheJMeter_core.jar:5.4.3]
        at org.apache.jmeter.JMeter.startNonGui(JMeter.java:1007) [ApacheJMeter_core.jar:5.4.3]
        at org.apache.jmeter.JMeter.start(JMeter.java:579) [ApacheJMeter_core.jar:5.4.3]
        at jdk.internal.reflect.NativeMethodAccessorImpl.invoke0(Native Method) ~[?:?]
        at jdk.internal.reflect.NativeMethodAccessorImpl.invoke(NativeMethodAccessorImpl.java:62) ~[?:?]
        at jdk.internal.reflect.DelegatingMethodAccessorImpl.invoke(DelegatingMethodAccessorImpl.java:43) ~[?:?]
        at java.lang.reflect.Method.invoke(Method.java:566) ~[?:?]
        at org.apache.jmeter.NewDriver.main(NewDriver.java:254) [ApacheJMeter.jar:5.4.3]
Caused by: java.io.FileNotFoundException: rmi_keystore.jks (No such file or directory)
        at java.io.FileInputStream.open0(Native Method) ~[?:?]
        at java.io.FileInputStream.open(FileInputStream.java:219) ~[?:?]
        at java.io.FileInputStream.<init>(FileInputStream.java:157) ~[?:?]
        at java.io.FileInputStream.<init>(FileInputStream.java:112) ~[?:?]
        at org.apache.jmeter.rmi.SSLRMIClientSocketFactory.loadStore(SSLRMIClientSocketFactory.java:124) ~[ApacheJMeter_core.jar:5.4.3]
        at org.apache.jmeter.rmi.SSLRMIClientSocketFactory.createSocket(SSLRMIClientSocketFactory.java:82) ~[ApacheJMeter_core.jar:5.4.3]
        at sun.rmi.transport.tcp.TCPEndpoint.newSocket(TCPEndpoint.java:617) ~[?:?]
        ... 17 more
2022-08-02 06:11:06,444 ERROR o.a.j.u.JMeterUtils: Exception creating connection to: loadtest-cluster-slave-2; nested exception is: 
        java.io.FileNotFoundException: rmi_keystore.jks (No such file or directory)
2022-08-02 06:11:06,445 INFO o.a.j.e.DistributedRunner: Failed to configure loadtest-cluster-slave-2
2022-08-02 06:11:06,445 INFO o.a.j.e.DistributedRunner: Configuring remote engine: loadtest-cluster-slave-3
2022-08-02 06:11:06,446 ERROR o.a.j.e.DistributedRunner: Failed to create engine at loadtest-cluster-slave-3
java.rmi.ConnectIOException: Exception creating connection to: loadtest-cluster-slave-3; nested exception is: 
        java.io.FileNotFoundException: rmi_keystore.jks (No such file or directory)
        at sun.rmi.transport.tcp.TCPEndpoint.newSocket(TCPEndpoint.java:635) ~[?:?]
        at sun.rmi.transport.tcp.TCPChannel.createConnection(TCPChannel.java:209) ~[?:?]
        at sun.rmi.transport.tcp.TCPChannel.newConnection(TCPChannel.java:196) ~[?:?]
        at sun.rmi.server.UnicastRef.newCall(UnicastRef.java:343) ~[?:?]
        at sun.rmi.registry.RegistryImpl_Stub.lookup(RegistryImpl_Stub.java:116) ~[?:?]
        at org.apache.jmeter.engine.ClientJMeterEngine.getEngine(ClientJMeterEngine.java:71) ~[ApacheJMeter_core.jar:5.4.3]
        at org.apache.jmeter.engine.ClientJMeterEngine.<init>(ClientJMeterEngine.java:84) ~[ApacheJMeter_core.jar:5.4.3]
        at org.apache.jmeter.engine.DistributedRunner.createEngine(DistributedRunner.java:243) ~[ApacheJMeter_core.jar:5.4.3]
        at org.apache.jmeter.engine.DistributedRunner.getClientEngine(DistributedRunner.java:220) [ApacheJMeter_core.jar:5.4.3]
        at org.apache.jmeter.engine.DistributedRunner.init(DistributedRunner.java:92) [ApacheJMeter_core.jar:5.4.3]
        at org.apache.jmeter.JMeter.runNonGui(JMeter.java:1107) [ApacheJMeter_core.jar:5.4.3]
        at org.apache.jmeter.JMeter.startNonGui(JMeter.java:1007) [ApacheJMeter_core.jar:5.4.3]
        at org.apache.jmeter.JMeter.start(JMeter.java:579) [ApacheJMeter_core.jar:5.4.3]
        at jdk.internal.reflect.NativeMethodAccessorImpl.invoke0(Native Method) ~[?:?]
        at jdk.internal.reflect.NativeMethodAccessorImpl.invoke(NativeMethodAccessorImpl.java:62) ~[?:?]
        at jdk.internal.reflect.DelegatingMethodAccessorImpl.invoke(DelegatingMethodAccessorImpl.java:43) ~[?:?]
        at java.lang.reflect.Method.invoke(Method.java:566) ~[?:?]
        at org.apache.jmeter.NewDriver.main(NewDriver.java:254) [ApacheJMeter.jar:5.4.3]
Caused by: java.io.FileNotFoundException: rmi_keystore.jks (No such file or directory)
        at java.io.FileInputStream.open0(Native Method) ~[?:?]
        at java.io.FileInputStream.open(FileInputStream.java:219) ~[?:?]
        at java.io.FileInputStream.<init>(FileInputStream.java:157) ~[?:?]
        at java.io.FileInputStream.<init>(FileInputStream.java:112) ~[?:?]
        at org.apache.jmeter.rmi.SSLRMIClientSocketFactory.loadStore(SSLRMIClientSocketFactory.java:124) ~[ApacheJMeter_core.jar:5.4.3]
        at org.apache.jmeter.rmi.SSLRMIClientSocketFactory.createSocket(SSLRMIClientSocketFactory.java:82) ~[ApacheJMeter_core.jar:5.4.3]
        at sun.rmi.transport.tcp.TCPEndpoint.newSocket(TCPEndpoint.java:617) ~[?:?]
        ... 17 more
2022-08-02 06:11:06,450 ERROR o.a.j.u.JMeterUtils: Exception creating connection to: loadtest-cluster-slave-3; nested exception is: 
        java.io.FileNotFoundException: rmi_keystore.jks (No such file or directory)
2022-08-02 06:11:06,450 INFO o.a.j.e.DistributedRunner: Failed to configure loadtest-cluster-slave-3
2022-08-02 06:11:06,454 INFO o.a.j.e.DistributedRunner: Stopping remote engines
2022-08-02 06:11:06,455 INFO o.a.j.e.DistributedRunner: Remote engines have been stopped
2022-08-02 06:11:06,456 ERROR o.a.j.JMeter: Error in NonGUIDriver
java.lang.RuntimeException: Following remote engines could not be configured:[loadtest-cluster-slave-1, loadtest-cluster-slave-2, loadtest-cluster-slave-3]
        at org.apache.jmeter.engine.DistributedRunner.init(DistributedRunner.java:111) ~[ApacheJMeter_core.jar:5.4.3]
        at org.apache.jmeter.JMeter.runNonGui(JMeter.java:1107) [ApacheJMeter_core.jar:5.4.3]
        at org.apache.jmeter.JMeter.startNonGui(JMeter.java:1007) [ApacheJMeter_core.jar:5.4.3]
        at org.apache.jmeter.JMeter.start(JMeter.java:579) [ApacheJMeter_core.jar:5.4.3]
        at jdk.internal.reflect.NativeMethodAccessorImpl.invoke0(Native Method) ~[?:?]
        at jdk.internal.reflect.NativeMethodAccessorImpl.invoke(NativeMethodAccessorImpl.java:62) ~[?:?]
        at jdk.internal.reflect.DelegatingMethodAccessorImpl.invoke(DelegatingMethodAccessorImpl.java:43) ~[?:?]
        at java.lang.reflect.Method.invoke(Method.java:566) ~[?:?]
        at org.apache.jmeter.NewDriver.main(NewDriver.java:254) [ApacheJMeter.jar:5.4.3]
2022-08-02 06:11:06,459 ERROR o.a.j.JMeter: An error occurred: 
org.apache.jmeter.report.config.ConfigurationException: Error in NonGUIDriver Following remote engines could not be configured:[loadtest-cluster-slave-1, loadtest-cluster-slave-2, loadtest-cluster-slave-3]
        at org.apache.jmeter.JMeter.runNonGui(JMeter.java:1118) ~[ApacheJMeter_core.jar:5.4.3]
        at org.apache.jmeter.JMeter.startNonGui(JMeter.java:1007) ~[ApacheJMeter_core.jar:5.4.3]
        at org.apache.jmeter.JMeter.start(JMeter.java:579) [ApacheJMeter_core.jar:5.4.3]
        at jdk.internal.reflect.NativeMethodAccessorImpl.invoke0(Native Method) ~[?:?]
        at jdk.internal.reflect.NativeMethodAccessorImpl.invoke(NativeMethodAccessorImpl.java:62) ~[?:?]
        at jdk.internal.reflect.DelegatingMethodAccessorImpl.invoke(DelegatingMethodAccessorImpl.java:43) ~[?:?]
        at java.lang.reflect.Method.invoke(Method.java:566) ~[?:?]
        at org.apache.jmeter.NewDriver.main(NewDriver.java:254) [ApacheJMeter.jar:5.4.3]
Caused by: java.lang.RuntimeException: Following remote engines could not be configured:[loadtest-cluster-slave-1, loadtest-cluster-slave-2, loadtest-cluster-slave-3]
        at org.apache.jmeter.engine.DistributedRunner.init(DistributedRunner.java:111) ~[ApacheJMeter_core.jar:5.4.3]
        at org.apache.jmeter.JMeter.runNonGui(JMeter.java:1107) ~[ApacheJMeter_core.jar:5.4.3]
        ... 7 more









07:29:41 ERROR: Child Process Error: JMeter exited with non-zero code: 1
07:29:41 ERROR: JMeter STDOUT:
Created the tree successfully using /var/taurus/logs/modified_requests.jmx
Configuring remote engine: loadtest-cluster-slave-1:60000
no such object in table
Failed to configure loadtest-cluster-slave-1:60000
Configuring remote engine: loadtest-cluster-slave-2:60000
no such object in table
Failed to configure loadtest-cluster-slave-2:60000
Configuring remote engine: loadtest-cluster-slave-3:60000
no such object in table
Failed to configure loadtest-cluster-slave-3:60000
Stopping remote engines
Remote engines have been stopped
Error in NonGUIDriver java.lang.RuntimeException: Following remote engines could not be configured:[loadtest-cluster-slave-1:60000, loadtest-cluster-slave-2:60000, loadtest-cluster-slave-3:60000]
An error occurred: Error in NonGUIDriver Following remote engines could not be configured:[loadtest-cluster-slave-1:60000, loadtest-cluster-slave-2:60000, loadtest-cluster-slave-3:60000]
07:29:41 ERROR: JMeter log:
2022-08-02 07:29:39,722 ERROR o.a.j.e.DistributedRunner: Failed to create engine at loadtest-cluster-slave-1:60000
java.rmi.NoSuchObjectException: no such object in table
        at sun.rmi.transport.StreamRemoteCall.exceptionReceivedFromServer(StreamRemoteCall.java:303) ~[?:?]
        at sun.rmi.transport.StreamRemoteCall.executeCall(StreamRemoteCall.java:279) ~[?:?]
        at sun.rmi.server.UnicastRef.invoke(UnicastRef.java:380) ~[?:?]
        at sun.rmi.registry.RegistryImpl_Stub.lookup(RegistryImpl_Stub.java:123) ~[?:?]
        at org.apache.jmeter.engine.ClientJMeterEngine.getEngine(ClientJMeterEngine.java:71) ~[ApacheJMeter_core.jar:5.4.3]
        at org.apache.jmeter.engine.ClientJMeterEngine.<init>(ClientJMeterEngine.java:84) ~[ApacheJMeter_core.jar:5.4.3]
        at org.apache.jmeter.engine.DistributedRunner.createEngine(DistributedRunner.java:243) ~[ApacheJMeter_core.jar:5.4.3]
        at org.apache.jmeter.engine.DistributedRunner.getClientEngine(DistributedRunner.java:220) [ApacheJMeter_core.jar:5.4.3]
        at org.apache.jmeter.engine.DistributedRunner.init(DistributedRunner.java:92) [ApacheJMeter_core.jar:5.4.3]
        at org.apache.jmeter.JMeter.runNonGui(JMeter.java:1107) [ApacheJMeter_core.jar:5.4.3]
        at org.apache.jmeter.JMeter.startNonGui(JMeter.java:1007) [ApacheJMeter_core.jar:5.4.3]
        at org.apache.jmeter.JMeter.start(JMeter.java:579) [ApacheJMeter_core.jar:5.4.3]
        at jdk.internal.reflect.NativeMethodAccessorImpl.invoke0(Native Method) ~[?:?]
        at jdk.internal.reflect.NativeMethodAccessorImpl.invoke(NativeMethodAccessorImpl.java:62) ~[?:?]
        at jdk.internal.reflect.DelegatingMethodAccessorImpl.invoke(DelegatingMethodAccessorImpl.java:43) ~[?:?]
        at java.lang.reflect.Method.invoke(Method.java:566) ~[?:?]
        at org.apache.jmeter.NewDriver.main(NewDriver.java:254) [ApacheJMeter.jar:5.4.3]
2022-08-02 07:29:39,796 ERROR o.a.j.u.JMeterUtils: no such object in table
2022-08-02 07:29:39,796 INFO o.a.j.e.DistributedRunner: Failed to configure loadtest-cluster-slave-1:60000
2022-08-02 07:29:39,796 INFO o.a.j.e.DistributedRunner: Configuring remote engine: loadtest-cluster-slave-2:60000
2022-08-02 07:29:39,797 INFO o.a.j.r.RmiUtils: Disabling SSL for RMI as server.rmi.ssl.disable is set to 'true'
2022-08-02 07:29:39,836 ERROR o.a.j.e.DistributedRunner: Failed to create engine at loadtest-cluster-slave-2:60000
java.rmi.NoSuchObjectException: no such object in table
        at sun.rmi.transport.StreamRemoteCall.exceptionReceivedFromServer(StreamRemoteCall.java:303) ~[?:?]
        at sun.rmi.transport.StreamRemoteCall.executeCall(StreamRemoteCall.java:279) ~[?:?]
        at sun.rmi.server.UnicastRef.invoke(UnicastRef.java:380) ~[?:?]
        at sun.rmi.registry.RegistryImpl_Stub.lookup(RegistryImpl_Stub.java:123) ~[?:?]
        at org.apache.jmeter.engine.ClientJMeterEngine.getEngine(ClientJMeterEngine.java:71) ~[ApacheJMeter_core.jar:5.4.3]
        at org.apache.jmeter.engine.ClientJMeterEngine.<init>(ClientJMeterEngine.java:84) ~[ApacheJMeter_core.jar:5.4.3]
        at org.apache.jmeter.engine.DistributedRunner.createEngine(DistributedRunner.java:243) ~[ApacheJMeter_core.jar:5.4.3]
        at org.apache.jmeter.engine.DistributedRunner.getClientEngine(DistributedRunner.java:220) [ApacheJMeter_core.jar:5.4.3]
        at org.apache.jmeter.engine.DistributedRunner.init(DistributedRunner.java:92) [ApacheJMeter_core.jar:5.4.3]
        at org.apache.jmeter.JMeter.runNonGui(JMeter.java:1107) [ApacheJMeter_core.jar:5.4.3]
        at org.apache.jmeter.JMeter.startNonGui(JMeter.java:1007) [ApacheJMeter_core.jar:5.4.3]
        at org.apache.jmeter.JMeter.start(JMeter.java:579) [ApacheJMeter_core.jar:5.4.3]
        at jdk.internal.reflect.NativeMethodAccessorImpl.invoke0(Native Method) ~[?:?]
        at jdk.internal.reflect.NativeMethodAccessorImpl.invoke(NativeMethodAccessorImpl.java:62) ~[?:?]
        at jdk.internal.reflect.DelegatingMethodAccessorImpl.invoke(DelegatingMethodAccessorImpl.java:43) ~[?:?]
        at java.lang.reflect.Method.invoke(Method.java:566) ~[?:?]
        at org.apache.jmeter.NewDriver.main(NewDriver.java:254) [ApacheJMeter.jar:5.4.3]
2022-08-02 07:29:39,838 ERROR o.a.j.u.JMeterUtils: no such object in table
2022-08-02 07:29:39,839 INFO o.a.j.e.DistributedRunner: Failed to configure loadtest-cluster-slave-2:60000
2022-08-02 07:29:39,839 INFO o.a.j.e.DistributedRunner: Configuring remote engine: loadtest-cluster-slave-3:60000
2022-08-02 07:29:39,840 INFO o.a.j.r.RmiUtils: Disabling SSL for RMI as server.rmi.ssl.disable is set to 'true'
2022-08-02 07:29:39,869 ERROR o.a.j.e.DistributedRunner: Failed to create engine at loadtest-cluster-slave-3:60000
java.rmi.NoSuchObjectException: no such object in table
        at sun.rmi.transport.StreamRemoteCall.exceptionReceivedFromServer(StreamRemoteCall.java:303) ~[?:?]
        at sun.rmi.transport.StreamRemoteCall.executeCall(StreamRemoteCall.java:279) ~[?:?]
        at sun.rmi.server.UnicastRef.invoke(UnicastRef.java:380) ~[?:?]
        at sun.rmi.registry.RegistryImpl_Stub.lookup(RegistryImpl_Stub.java:123) ~[?:?]
        at org.apache.jmeter.engine.ClientJMeterEngine.getEngine(ClientJMeterEngine.java:71) ~[ApacheJMeter_core.jar:5.4.3]
        at org.apache.jmeter.engine.ClientJMeterEngine.<init>(ClientJMeterEngine.java:84) ~[ApacheJMeter_core.jar:5.4.3]
        at org.apache.jmeter.engine.DistributedRunner.createEngine(DistributedRunner.java:243) ~[ApacheJMeter_core.jar:5.4.3]
        at org.apache.jmeter.engine.DistributedRunner.getClientEngine(DistributedRunner.java:220) [ApacheJMeter_core.jar:5.4.3]
        at org.apache.jmeter.engine.DistributedRunner.init(DistributedRunner.java:92) [ApacheJMeter_core.jar:5.4.3]
        at org.apache.jmeter.JMeter.runNonGui(JMeter.java:1107) [ApacheJMeter_core.jar:5.4.3]
        at org.apache.jmeter.JMeter.startNonGui(JMeter.java:1007) [ApacheJMeter_core.jar:5.4.3]
        at org.apache.jmeter.JMeter.start(JMeter.java:579) [ApacheJMeter_core.jar:5.4.3]
        at jdk.internal.reflect.NativeMethodAccessorImpl.invoke0(Native Method) ~[?:?]
        at jdk.internal.reflect.NativeMethodAccessorImpl.invoke(NativeMethodAccessorImpl.java:62) ~[?:?]
        at jdk.internal.reflect.DelegatingMethodAccessorImpl.invoke(DelegatingMethodAccessorImpl.java:43) ~[?:?]
        at java.lang.reflect.Method.invoke(Method.java:566) ~[?:?]
        at org.apache.jmeter.NewDriver.main(NewDriver.java:254) [ApacheJMeter.jar:5.4.3]
2022-08-02 07:29:39,871 ERROR o.a.j.u.JMeterUtils: no such object in table
2022-08-02 07:29:39,871 INFO o.a.j.e.DistributedRunner: Failed to configure loadtest-cluster-slave-3:60000
2022-08-02 07:29:39,873 INFO o.a.j.e.DistributedRunner: Stopping remote engines
2022-08-02 07:29:39,874 INFO o.a.j.e.DistributedRunner: Remote engines have been stopped
2022-08-02 07:29:39,875 ERROR o.a.j.JMeter: Error in NonGUIDriver
java.lang.RuntimeException: Following remote engines could not be configured:[loadtest-cluster-slave-1:60000, loadtest-cluster-slave-2:60000, loadtest-cluster-slave-3:60000]
        at org.apache.jmeter.engine.DistributedRunner.init(DistributedRunner.java:111) ~[ApacheJMeter_core.jar:5.4.3]
        at org.apache.jmeter.JMeter.runNonGui(JMeter.java:1107) [ApacheJMeter_core.jar:5.4.3]
        at org.apache.jmeter.JMeter.startNonGui(JMeter.java:1007) [ApacheJMeter_core.jar:5.4.3]
        at org.apache.jmeter.JMeter.start(JMeter.java:579) [ApacheJMeter_core.jar:5.4.3]
        at jdk.internal.reflect.NativeMethodAccessorImpl.invoke0(Native Method) ~[?:?]
        at jdk.internal.reflect.NativeMethodAccessorImpl.invoke(NativeMethodAccessorImpl.java:62) ~[?:?]
        at jdk.internal.reflect.DelegatingMethodAccessorImpl.invoke(DelegatingMethodAccessorImpl.java:43) ~[?:?]
        at java.lang.reflect.Method.invoke(Method.java:566) ~[?:?]
        at org.apache.jmeter.NewDriver.main(NewDriver.java:254) [ApacheJMeter.jar:5.4.3]
2022-08-02 07:29:39,878 ERROR o.a.j.JMeter: An error occurred: 
org.apache.jmeter.report.config.ConfigurationException: Error in NonGUIDriver Following remote engines could not be configured:[loadtest-cluster-slave-1:60000, loadtest-cluster-slave-2:60000, loadtest-cluster-slave-3:60000]
        at org.apache.jmeter.JMeter.runNonGui(JMeter.java:1118) ~[ApacheJMeter_core.jar:5.4.3]
        at org.apache.jmeter.JMeter.startNonGui(JMeter.java:1007) ~[ApacheJMeter_core.jar:5.4.3]
        at org.apache.jmeter.JMeter.start(JMeter.java:579) [ApacheJMeter_core.jar:5.4.3]
        at jdk.internal.reflect.NativeMethodAccessorImpl.invoke0(Native Method) ~[?:?]
        at jdk.internal.reflect.NativeMethodAccessorImpl.invoke(NativeMethodAccessorImpl.java:62) ~[?:?]
        at jdk.internal.reflect.DelegatingMethodAccessorImpl.invoke(DelegatingMethodAccessorImpl.java:43) ~[?:?]
        at java.lang.reflect.Method.invoke(Method.java:566) ~[?:?]
        at org.apache.jmeter.NewDriver.main(NewDriver.java:254) [ApacheJMeter.jar:5.4.3]
Caused by: java.lang.RuntimeException: Following remote engines could not be configured:[loadtest-cluster-slave-1:60000, loadtest-cluster-slave-2:60000, loadtest-cluster-slave-3:60000]
        at org.apache.jmeter.engine.DistributedRunner.init(DistributedRunner.java:111) ~[ApacheJMeter_core.jar:5.4.3]
        at org.apache.jmeter.JMeter.runNonGui(JMeter.java:1107) ~[ApacheJMeter_core.jar:5.4.3]
        ... 7 more